<?xml version="1.0" encoding="UTF-8"?>
<testng-results ignored="1" total="2" passed="1" failed="0" skipped="0">
  <reporter-output>
  </reporter-output>
  <suite started-at="2025-11-22T18:16:51 IST" name="Default suite" finished-at="2025-11-22T18:17:10 IST" duration-ms="19085">
    <groups>
    </groups>
    <test started-at="2025-11-22T18:16:51 IST" name="Default test" finished-at="2025-11-22T18:17:10 IST" duration-ms="19085">
      <class name="PageTest.CheckoutPageTest">
        <test-method is-config="true" signature="goToWebsite()[pri:0, instance:PageTest.CheckoutPageTest@6a192cfe]" started-at="2025-11-22T18:16:51 IST" name="goToWebsite" finished-at="2025-11-22T18:17:00 IST" duration-ms="9091" status="PASS">
          <reporter-output>
          </reporter-output>
        </test-method> <!-- goToWebsite -->
        <test-method signature="isOrderIdDisplayed()[pri:0, instance:PageTest.CheckoutPageTest@6a192cfe]" started-at="2025-11-22T18:17:00 IST" name="isOrderIdDisplayed" finished-at="2025-11-22T18:17:09 IST" duration-ms="9169" status="PASS">
          <reporter-output>
          </reporter-output>
        </test-method> <!-- isOrderIdDisplayed -->
        <test-method is-config="true" signature="tearDown()[pri:0, instance:PageTest.CheckoutPageTest@6a192cfe]" started-at="2025-11-22T18:17:09 IST" name="tearDown" finished-at="2025-11-22T18:17:10 IST" duration-ms="781" status="PASS">
          <reporter-output>
          </reporter-output>
        </test-method> <!-- tearDown -->
      </class> <!-- PageTest.CheckoutPageTest -->
    </test> <!-- Default test -->
  </suite> <!-- Default suite -->
</testng-results>
