<?xml version="1.0" encoding="UTF-8"?>
<!-- Generated by org.testng.reporters.JUnitXMLReporter -->
<testsuite ignored="1" hostname="LAPTOP-CIDHNPNG" failures="0" tests="1" name="Default test" time="19.085" errors="0" timestamp="2025-11-22T18:17:10 IST">
  <testcase classname="PageTest.CheckoutPageTest" name="isOrderIdDisplayed" time="9.169"/>
  <testcase classname="PageTest.CheckoutPageTest" name="verifyConfirmationMsg" time="0.0">
    <ignored/>
  </testcase> <!-- verifyConfirmationMsg -->
</testsuite> <!-- Default test -->
